[0916/002456.520:ERROR:process_reader_win.cc(123)] NtOpenThread: {Access Denied} A process has requested access to an object, but has not been granted those access rights. (0xc0000022)
[0916/002456.583:ERROR:exception_snapshot_win.cc(99)] thread ID 14104 not found in process
[0916/002456.463:ERROR:process_reader_win.cc(123)] NtOpenThread: {Access Denied} A process has requested access to an object, but has not been granted those access rights. (0xc0000022)
[0916/002456.466:ERROR:process_reader_win.cc(123)] NtOpenThread: {Access Denied} A process has requested access to an object, but has not been granted those access rights. (0xc0000022)
[0916/002456.584:ERROR:exception_snapshot_win.cc(99)] thread ID 14004 not found in process
[0916/002456.521:ERROR:process_reader_win.cc(123)] NtOpenThread: {Access Denied} A process has requested access to an object, but has not been granted those access rights. (0xc0000022)
[0916/002456.584:ERROR:exception_snapshot_win.cc(99)] thread ID 13888 not found in process
[0916/002456.464:ERROR:process_reader_win.cc(123)] NtOpenThread: {Access Denied} A process has requested access to an object, but has not been granted those access rights. (0xc0000022)
[0916/002456.463:ERROR:process_reader_win.cc(123)] NtOpenThread: {Access Denied} A process has requested access to an object, but has not been granted those access rights. (0xc0000022)
[0916/002456.584:ERROR:exception_snapshot_win.cc(99)] thread ID 14048 not found in process
[0916/002456.585:ERROR:exception_snapshot_win.cc(99)] thread ID 13944 not found in process
[0916/002456.585:ERROR:exception_snapshot_win.cc(99)] thread ID 13828 not found in process
[0916/002456.541:ERROR:process_reader_win.cc(123)] NtOpenThread: {Access Denied} A process has requested access to an object, but has not been granted those access rights. (0xc0000022)
[0916/002456.463:ERROR:process_reader_win.cc(123)] NtOpenThread: {Access Denied} A process has requested access to an object, but has not been granted those access rights. (0xc0000022)
[0916/002456.585:ERROR:exception_snapshot_win.cc(99)] thread ID 14008 not found in process
[0916/002456.518:ERROR:process_reader_win.cc(123)] NtOpenThread: {Access Denied} A process has requested access to an object, but has not been granted those access rights. (0xc0000022)
[0916/002456.513:ERROR:process_reader_win.cc(123)] NtOpenThread: {Access Denied} A process has requested access to an object, but has not been granted those access rights. (0xc0000022)
[0916/002456.519:ERROR:scoped_process_suspend.cc(31)] NtSuspendProcess: An attempt was made to access an exiting process. (0xc000010a)
[0916/002456.585:ERROR:exception_snapshot_win.cc(99)] thread ID 13816 not found in process
[0916/002456.585:ERROR:exception_snapshot_win.cc(99)] thread ID 13896 not found in process
[0916/002456.585:ERROR:exception_snapshot_win.cc(99)] thread ID 14000 not found in process
[0916/002456.585:ERROR:process_info.cc(118)] ReadProcessMemory bool __cdecl crashpad::(anonymous namespace)::ReadStruct(HANDLE, crashpad::WinVMAddress, T *) [T = crashpad::process_types::PEB<crashpad::process_types::internal::Traits64>]: Only part of a ReadProcessMemory or WriteProcessMemory request was completed. (0x12B)
[0916/002456.586:ERROR:process_info.cc(551)] ReadProcessData failed
